
--- Module:   C:\qp-dev\qpcpp\src\qf\qep_hsm.cpp (C++)
--- Module Wrap-up

--- Module:   C:\qp-dev\qpcpp\src\qf\qep_msm.cpp (C++)
--- Module Wrap-up

--- Module:   C:\qp-dev\qpcpp\src\qf\qf_act.cpp (C++)
C:\qp-dev\qpcpp\src\qf\qf_act.cpp  47  note 9141: global declaration of symbol 'dummy' [AUTOSAR Rule M7-3-1]
C:\qp-dev\qpcpp\src\qf\qf_act.cpp  48  note 9141: global declaration of symbol 'dummy' [AUTOSAR Rule M7-3-1]
--- Module Wrap-up

--- Module:   C:\qp-dev\qpcpp\src\qf\qf_actq.cpp (C++)
--- Module Wrap-up

--- Module:   C:\qp-dev\qpcpp\src\qf\qf_defer.cpp (C++)
--- Module Wrap-up

--- Module:   C:\qp-dev\qpcpp\src\qf\qf_dyn.cpp (C++)
--- Module Wrap-up

--- Module:   C:\qp-dev\qpcpp\src\qf\qf_mem.cpp (C++)
--- Module Wrap-up

--- Module:   C:\qp-dev\qpcpp\src\qf\qf_ps.cpp (C++)
--- Module Wrap-up

--- Module:   C:\qp-dev\qpcpp\src\qf\qf_qact.cpp (C++)
--- Module Wrap-up

--- Module:   C:\qp-dev\qpcpp\src\qf\qf_qeq.cpp (C++)
--- Module Wrap-up

--- Module:   C:\qp-dev\qpcpp\src\qf\qf_qmact.cpp (C++)
--- Module Wrap-up

--- Module:   C:\qp-dev\qpcpp\src\qf\qf_time.cpp (C++)
--- Module Wrap-up
Count   Type    Number  Text

2       note    9141    global declaration of symbol __symbol__
